<!DOCTYPE html>
<html>
<head>
    <title>Unittest Results</title>
    <meta charset="utf-8">
    <meta name="viewport" content="width=device-width, initial-scale=1.0">
    <link rel="stylesheet" href="https://maxcdn.bootstrapcdn.com/bootstrap/3.3.6/css/bootstrap.min.css" integrity="sha384-1q8mTJOASx8j1Au+a5WDVnPi2lkFfwwEAa8hDDdjZlpLegxhjVME1fgjWPGmkzs7" crossorigin="anonymous">
</head>
<body>
    <div class="container">
        <div class="row">
            <div class="col-xs-12">
                <h2 class="text-capitalize">Unittest Results</h2>
                <p class='attribute'><strong>Start Time: </strong>2024-11-24 18:25:35</p>
                <p class='attribute'><strong>Duration: </strong>17.18 s</p>
                <p class='attribute'><strong>Summary: </strong>Total: 1, Pass: 0, Error: 1</p>
            </div>
        </div>
        <div class="row">
            <div class="col-xs-12 col-sm-10 col-md-10">
                <table class='table table-hover table-responsive'>
                    <thead>
                        <tr>
                            <th>__main__.TestDWShop</th>
                            <th>Status</th>
                            <th></th>
                        </tr>
                    </thead>
                    <tbody>
                        <tr class='warning'>
                            <td class="col-xs-10">test2</td>
                            <td class="col-xs-1">
                                <span class="label label-warning" style="display:block;width:40px;">Error</span>
                            </td>
                            <td class="col-xs-1">
                                <button class="btn btn-default btn-xs">View</button>
                            </td>
                        </tr>
                        <tr style="display:none;">
                            <td class="col-xs-9" colspan="3"><p>1 - cargando pagina...<br>
2 - Digitando usuario...<br>
3 - Digitando password...<br>
4 - Haciendo Click...<br>
5 - Corroborando resultado del registro de usuario...<br>
</p><p style="color:maroon;">NoSuchWindowException: Message: no such window: target window already closed
from unknown error: web view not found
  (Session info: chrome=131.0.6778.86)
Stacktrace:
	GetHandleVerifier [0x00007FF726F36CB5+28821]
	(No symbol) [0x00007FF726EA3840]
	(No symbol) [0x00007FF726D4578A]
	(No symbol) [0x00007FF726D1F4F5]
	(No symbol) [0x00007FF726DC6247]
	(No symbol) [0x00007FF726DDECE2]
	(No symbol) [0x00007FF726DBF0A3]
	(No symbol) [0x00007FF726D8A778]
	(No symbol) [0x00007FF726D8B8E1]
	GetHandleVerifier [0x00007FF72726FCAD+3408013]
	GetHandleVerifier [0x00007FF72728741F+3504127]
	GetHandleVerifier [0x00007FF72727B5FD+3455453]
	GetHandleVerifier [0x00007FF726FFBDBB+835995]
	(No symbol) [0x00007FF726EAEB5F]
	(No symbol) [0x00007FF726EAA814]
	(No symbol) [0x00007FF726EAA9AD]
	(No symbol) [0x00007FF726E9A199]
	BaseThreadInitThunk [0x00007FFCDB92257D+29]
	RtlUserThreadStart [0x00007FFCDDB4AF08+40]
</p><p style="color:maroon;">Traceback (most recent call last):
  File "C:\repositorio\orclAPEX\orclAPEX+Selenium\automation_orclAPEX.py", line 41, in test2
    resultado = self.pagina_dws.texto_usuario_login()
                ^^^^^^^^^^^^^^^^^^^^^^^^^^^^^^^^^^^^^
  File "C:\repositorio\orclAPEX\orclAPEX+Selenium\paginas\loginAPEX.py", line 26, in texto_usuario_login
    return WebDriverWait(self.driver,20).until(lambda d : d.find_element(*self.usuario_login)).text
           ^^^^^^^^^^^^^^^^^^^^^^^^^^^^^^^^^^^^^^^^^^^^^^^^^^^^^^^^^^^^^^^^^^^^^^^^^^^^^^^^^^^
  File "C:\Users\pro1\AppData\Local\Programs\Python\Python311\Lib\site-packages\selenium\webdriver\support\wait.py", line 96, in until
    value = method(self._driver)
            ^^^^^^^^^^^^^^^^^^^^
  File "C:\repositorio\orclAPEX\orclAPEX+Selenium\paginas\loginAPEX.py", line 26, in <lambda>
    return WebDriverWait(self.driver,20).until(lambda d : d.find_element(*self.usuario_login)).text
                                                          ^^^^^^^^^^^^^^^^^^^^^^^^^^^^^^^^^^^
  File "C:\Users\pro1\AppData\Local\Programs\Python\Python311\Lib\site-packages\selenium\webdriver\remote\webdriver.py", line 741, in find_element
    return self.execute(Command.FIND_ELEMENT, {"using": by, "value": value})["value"]
           ^^^^^^^^^^^^^^^^^^^^^^^^^^^^^^^^^^^^^^^^^^^^^^^^^^^^^^^^^^^^^^^^^
  File "C:\Users\pro1\AppData\Local\Programs\Python\Python311\Lib\site-packages\selenium\webdriver\remote\webdriver.py", line 347, in execute
    self.error_handler.check_response(response)
  File "C:\Users\pro1\AppData\Local\Programs\Python\Python311\Lib\site-packages\selenium\webdriver\remote\errorhandler.py", line 229, in check_response
    raise exception_class(message, screen, stacktrace)
selenium.common.exceptions.NoSuchWindowException: Message: no such window: target window already closed
from unknown error: web view not found
  (Session info: chrome=131.0.6778.86)
Stacktrace:
	GetHandleVerifier [0x00007FF726F36CB5+28821]
	(No symbol) [0x00007FF726EA3840]
	(No symbol) [0x00007FF726D4578A]
	(No symbol) [0x00007FF726D1F4F5]
	(No symbol) [0x00007FF726DC6247]
	(No symbol) [0x00007FF726DDECE2]
	(No symbol) [0x00007FF726DBF0A3]
	(No symbol) [0x00007FF726D8A778]
	(No symbol) [0x00007FF726D8B8E1]
	GetHandleVerifier [0x00007FF72726FCAD+3408013]
	GetHandleVerifier [0x00007FF72728741F+3504127]
	GetHandleVerifier [0x00007FF72727B5FD+3455453]
	GetHandleVerifier [0x00007FF726FFBDBB+835995]
	(No symbol) [0x00007FF726EAEB5F]
	(No symbol) [0x00007FF726EAA814]
	(No symbol) [0x00007FF726EAA9AD]
	(No symbol) [0x00007FF726E9A199]
	BaseThreadInitThunk [0x00007FFCDB92257D+29]
	RtlUserThreadStart [0x00007FFCDDB4AF08+40]

</p>
                            </td>
                        </tr>
                        <tr>
                            <td colspan="3">
                                Total: 1, Pass: 0, Error: 1 -- Duration: 17.18 s
                            </td>
                        </tr>
                    </tbody>
                </table>
            </div>
        </div>
    </div>
    <script src="https://ajax.googleapis.com/ajax/libs/jquery/2.2.4/jquery.min.js"></script>
    <script type="text/javascript">
        $(document).ready(function(){
            $('td').on('click', '.btn', function(e){
                e.preventDefault();
                e.stopImmediatePropagation();
                var $this = $(this);
                var $nextRow = $this.closest('tr').next('tr');
                $nextRow.slideToggle("fast");
                $this.text(function(i, text){
                    if (text === 'View') {
                        return 'Hide';
                    } else {
                        return 'View';
                    };
                });
            });
        });
    </script>
</body>
</html